<?xml version='1.0' encoding='UTF-8'?>
<testsuite hostname="coach-RTX" name="ch.coachdave.tchutchu.game.RouteTest" tests="11" errors="0" failures="0" skipped="0" time="0.125" timestamp="2022-11-14T18:09:53">
          <properties>
      <property name="awt.toolkit" value="sun.awt.X11.XToolkit"/><property name="java.specification.version" value="11"/><property name="sun.cpu.isalist" value=""/><property name="sun.jnu.encoding" value="UTF-8"/><property name="sun.arch.data.model" value="64"/><property name="java.vendor.url" value="https://ubuntu.com/"/><property name="sun.boot.library.path" value="/usr/lib/jvm/java-11-openjdk-amd64/lib"/><property name="sun.java.command" value="/home/coach/Downloads/sbt/bin/sbt-launch.jar test assembly"/><property name="jdk.debug" value="release"/><property name="java.specification.vendor" value="Oracle Corporation"/><property name="java.version.date" value="2022-07-19"/><property name="java.home" value="/usr/lib/jvm/java-11-openjdk-amd64"/><property name="file.separator" value="/"/><property name="java.vm.compressedOopsMode" value="32-bit"/><property name="line.separator" value="
"/><property name="java.specification.name" value="Java Platform API Specification"/><property name="java.vm.specification.vendor" value="Oracle Corporation"/><property name="sun.management.compiler" value="HotSpot 64-Bit Tiered Compilers"/><property name="java.runtime.version" value="11.0.16+8-post-Ubuntu-0ubuntu120.04"/><property name="user.name" value="coach"/><property name="log4j.ignoreTCL" value="true"/><property name="file.encoding" value="UTF-8"/><property name="jnidispatch.path" value="/home/coach/.cache/JNA/temp/jna9488492038455350244.tmp"/><property name="jna.loaded" value="true"/><property name="java.io.tmpdir" value="/tmp"/><property name="java.version" value="11.0.16"/><property name="java.vm.specification.name" value="Java Virtual Machine Specification"/><property name="java.awt.printerjob" value="sun.print.PSPrinterJob"/><property name="sun.os.patch.level" value="unknown"/><property name="java.library.path" value="/usr/java/packages/lib:/usr/lib/x86_64-linux-gnu/jni:/lib/x86_64-linux-gnu:/usr/lib/x86_64-linux-gnu:/usr/lib/jni:/lib:/usr/lib"/><property name="java.vendor" value="Ubuntu"/><property name="scala.ext.dirs" value="/home/coach/.sbt/1.0/java9-rt-ext-ubuntu_11_0_16"/><property name="sun.io.unicode.encoding" value="UnicodeLittle"/><property name="sun.desktop" value="gnome"/><property name="java.class.path" value="/home/coach/Downloads/sbt/bin/sbt-launch.jar"/><property name="java.vm.vendor" value="Ubuntu"/><property name="jline.shutdownhook" value="false"/><property name="user.timezone" value="Europe/Zurich"/><property name="os.name" value="Linux"/><property name="java.vm.specification.version" value="11"/><property name="sun.java.launcher" value="SUN_STANDARD"/><property name="user.country" value="US"/><property name="sun.cpu.endian" value="little"/><property name="user.home" value="/home/coach"/><property name="user.language" value="en"/><property name="swoval.tmpdir" value="/home/coach/.sbt/1.0"/><property name="java.awt.graphicsenv" value="sun.awt.X11GraphicsEnvironment"/><property name="jline.esc.timeout" value="0"/><property name="path.separator" value=":"/><property name="os.version" value="5.8.0-34-generic"/><property name="jna.nosys" value="true"/><property name="java.runtime.name" value="OpenJDK Runtime Environment"/><property name="java.vm.name" value="OpenJDK 64-Bit Server VM"/><property name="jna.platform.library.path" value="/usr/lib/x86_64-linux-gnu:/lib/x86_64-linux-gnu:/usr/lib64:/lib64:/usr/lib:/lib:/lib/i386-linux-gnu:/usr/lib/x86_64-linux-gnu/libfakeroot"/><property name="java.vendor.url.bug" value="https://bugs.launchpad.net/ubuntu/+source/openjdk-lts"/><property name="user.dir" value="/home/coach/hobby/scala/tchutchu"/><property name="os.arch" value="amd64"/><property name="java.vm.info" value="mixed mode, sharing"/><property name="java.vm.version" value="11.0.16+8-post-Ubuntu-0ubuntu120.04"/><property name="java.class.version" value="55.0"/>
    </properties>
          <testcase classname="ch.coachdave.tchutchu.game.RouteTest" name="Route should not be instantiated with two identical stations" time="0.008">
                      
                    </testcase><testcase classname="ch.coachdave.tchutchu.game.RouteTest" name="Route should not be instantiated with invalid length" time="0.001">
                      
                    </testcase><testcase classname="ch.coachdave.tchutchu.game.RouteTest" name="Route should return opposite station" time="0.0">
                      
                    </testcase><testcase classname="ch.coachdave.tchutchu.game.RouteTest" name="Route should return None with invalid route" time="0.0">
                      
                    </testcase><testcase classname="ch.coachdave.tchutchu.game.RouteTest" name="Route should return correct number of possible claimed cards with overground colored route" time="0.004">
                      
                    </testcase><testcase classname="ch.coachdave.tchutchu.game.RouteTest" name="Route should return correct number of possible claimed cards with overground neutral route" time="0.004">
                      
                    </testcase><testcase classname="ch.coachdave.tchutchu.game.RouteTest" name="Route should return correct number of possible claimed cards with underground colored route" time="0.007">
                      
                    </testcase><testcase classname="ch.coachdave.tchutchu.game.RouteTest" name="Route should return correct number of possible claimed cards with underground neutral route" time="0.002">
                      
                    </testcase><testcase classname="ch.coachdave.tchutchu.game.RouteTest" name="Route should count correctly additional claim cards with colored cards only" time="0.035">
                      
                    </testcase><testcase classname="ch.coachdave.tchutchu.game.RouteTest" name="Route should count correctly additional claim cards with locomotives only" time="0.03">
                      
                    </testcase><testcase classname="ch.coachdave.tchutchu.game.RouteTest" name="Route should count correctly additional claim cards with mixed cards" time="0.034">
                      
                    </testcase>
          <system-out><![CDATA[]]></system-out>
          <system-err><![CDATA[]]></system-err>
        </testsuite>