<?xml version='1.0' encoding='UTF-8'?>
<testsuite hostname="coach-RTX" name="ch.coachdave.tchutchu.game.StationTest" tests="2" errors="0" failures="0" skipped="0" time="0.009" timestamp="2022-11-14T19:32:44">
          <properties>
      <property name="java.specification.version" value="14"/><property name="sun.jnu.encoding" value="UTF-8"/><property name="sun.arch.data.model" value="64"/><property name="sbt.supershell" value="false"/><property name="java.vendor.url" value="https://java.oracle.com/"/><property name="catalina.useNaming" value="false"/><property name="sun.boot.library.path" value="/home/coach/.jdks/openjdk-14.0.1/lib"/><property name="sun.java.command" value="/home/coach/.local/share/JetBrains/IdeaIC2022.1/Scala/launcher/sbt-launch.jar early(addPluginSbtFile=&quot;&quot;&quot;/tmp/idea.sbt&quot;&quot;&quot;) ; set ideaPort in Global := 45627 ; idea-shell"/><property name="jdk.debug" value="release"/><property name="java.specification.vendor" value="Oracle Corporation"/><property name="java.version.date" value="2020-04-14"/><property name="net.aichler.jupiter.internal.listeners.OutputCapture$SharedProperty" value=""/><property name="java.home" value="/home/coach/.jdks/openjdk-14.0.1"/><property name="file.separator" value="/"/><property name="java.vm.compressedOopsMode" value="32-bit"/><property name="line.separator" value="
"/><property name="java.vm.specification.vendor" value="Oracle Corporation"/><property name="java.specification.name" value="Java Platform API Specification"/><property name="idea.installation.dir" value="/home/coach/Downloads/idea-IC-221.5921.22"/><property name="sun.management.compiler" value="HotSpot 64-Bit Tiered Compilers"/><property name="java.runtime.version" value="14.0.1+7"/><property name="user.name" value="coach"/><property name="log4j.ignoreTCL" value="true"/><property name="file.encoding" value="UTF-8"/><property name="jnidispatch.path" value="/home/coach/.cache/JNA/temp/jna16503514753308420372.tmp"/><property name="jna.loaded" value="true"/><property name="java.io.tmpdir" value="/tmp"/><property name="java.version" value="14.0.1"/><property name="java.vm.specification.name" value="Java Virtual Machine Specification"/><property name="PID" value="54832"/><property name="CONSOLE_LOG_CHARSET" value="UTF-8"/><property name="java.library.path" value="/usr/java/packages/lib:/usr/lib64:/lib64:/lib:/usr/lib"/><property name="java.vendor" value="Oracle Corporation"/><property name="sun.io.unicode.encoding" value="UnicodeLittle"/><property name="java.class.path" value="/home/coach/.local/share/JetBrains/IdeaIC2022.1/Scala/launcher/sbt-launch.jar"/><property name="java.vm.vendor" value="Oracle Corporation"/><property name="jline.shutdownhook" value="false"/><property name="user.timezone" value="Europe/Zurich"/><property name="java.vm.specification.version" value="14"/><property name="os.name" value="Linux"/><property name="sun.java.launcher" value="SUN_STANDARD"/><property name="user.country" value="US"/><property name="sun.cpu.endian" value="little"/><property name="user.home" value="/home/coach"/><property name="user.language" value="en"/><property name="swoval.tmpdir" value="/home/coach/.sbt/1.0"/><property name="FILE_LOG_CHARSET" value="UTF-8"/><property name="java.awt.headless" value="true"/><property name="jline.esc.timeout" value="0"/><property name="path.separator" value=":"/><property name="os.version" value="5.8.0-34-generic"/><property name="jna.nosys" value="true"/><property name="java.runtime.name" value="OpenJDK Runtime Environment"/><property name="spring.beaninfo.ignore" value="true"/><property name="java.vm.name" value="OpenJDK 64-Bit Server VM"/><property name="jna.platform.library.path" value="/usr/lib/x86_64-linux-gnu:/lib/x86_64-linux-gnu:/usr/lib64:/lib64:/usr/lib:/lib:/lib/i386-linux-gnu:/usr/lib/x86_64-linux-gnu/libfakeroot"/><property name="LOG_FILE" value="logs/tchutchu.log"/><property name="java.vendor.url.bug" value="https://bugreport.java.com/bugreport/"/><property name="catalina.home" value="/tmp/tomcat.0.3092942471808565527"/><property name="user.dir" value="/home/coach/hobby/scala/tchutchu"/><property name="os.arch" value="amd64"/><property name="catalina.base" value="/tmp/tomcat.0.2084762590909031770"/><property name="idea.managed" value="true"/><property name="java.vm.info" value="mixed mode, sharing"/><property name="java.vm.version" value="14.0.1+7"/><property name="java.class.version" value="58.0"/>
    </properties>
          <testcase classname="ch.coachdave.tchutchu.game.StationTest" name="Station should not be instantiated with negative ID" time="0.005">
                      
                    </testcase><testcase classname="ch.coachdave.tchutchu.game.StationTest" name="Station should have ID correctly retrieved" time="0.004">
                      
                    </testcase>
          <system-out><![CDATA[]]></system-out>
          <system-err><![CDATA[]]></system-err>
        </testsuite>