<?xml version="1.0" encoding="UTF-8"?>
<testsuite xmlns:xsi="http://www.w3.org/2001/XMLSchema-instance" xsi:noNamespaceSchemaLocation="https://maven.apache.org/surefire/maven-surefire-plugin/xsd/surefire-test-report.xsd" name="ch.coachdave.tchutchu.controller.ProbeControllerTest" time="0.013" tests="2" errors="0" skipped="0" failures="0">
  <properties>
    <property name="sun.desktop" value="gnome"/>
    <property name="awt.toolkit" value="sun.awt.X11.XToolkit"/>
    <property name="java.specification.version" value="11"/>
    <property name="sun.cpu.isalist" value=""/>
    <property name="sun.jnu.encoding" value="UTF-8"/>
    <property name="java.class.path" value="/home/coach/hobby/scala/tchutchu/target/test-classes:/home/coach/hobby/scala/tchutchu/target/classes:/home/coach/.m2/repository/org/scala-lang/scala3-library_3/3.1.2/scala3-library_3-3.1.2.jar:/home/coach/.m2/repository/org/scala-lang/scala-library/2.13.8/scala-library-2.13.8.jar:/home/coach/.m2/repository/org/springframework/boot/spring-boot-starter-web/2.6.7/spring-boot-starter-web-2.6.7.jar:/home/coach/.m2/repository/org/springframework/boot/spring-boot-starter/2.6.7/spring-boot-starter-2.6.7.jar:/home/coach/.m2/repository/org/springframework/boot/spring-boot/2.6.7/spring-boot-2.6.7.jar:/home/coach/.m2/repository/org/springframework/boot/spring-boot-autoconfigure/2.6.7/spring-boot-autoconfigure-2.6.7.jar:/home/coach/.m2/repository/org/springframework/boot/spring-boot-starter-logging/2.6.7/spring-boot-starter-logging-2.6.7.jar:/home/coach/.m2/repository/ch/qos/logback/logback-classic/1.2.11/logback-classic-1.2.11.jar:/home/coach/.m2/repository/ch/qos/logback/logback-core/1.2.11/logback-core-1.2.11.jar:/home/coach/.m2/repository/org/apache/logging/log4j/log4j-to-slf4j/2.17.2/log4j-to-slf4j-2.17.2.jar:/home/coach/.m2/repository/org/apache/logging/log4j/log4j-api/2.17.2/log4j-api-2.17.2.jar:/home/coach/.m2/repository/org/slf4j/jul-to-slf4j/1.7.36/jul-to-slf4j-1.7.36.jar:/home/coach/.m2/repository/jakarta/annotation/jakarta.annotation-api/1.3.5/jakarta.annotation-api-1.3.5.jar:/home/coach/.m2/repository/org/yaml/snakeyaml/1.29/snakeyaml-1.29.jar:/home/coach/.m2/repository/org/springframework/boot/spring-boot-starter-json/2.6.7/spring-boot-starter-json-2.6.7.jar:/home/coach/.m2/repository/com/fasterxml/jackson/datatype/jackson-datatype-jdk8/2.13.2/jackson-datatype-jdk8-2.13.2.jar:/home/coach/.m2/repository/com/fasterxml/jackson/datatype/jackson-datatype-jsr310/2.13.2/jackson-datatype-jsr310-2.13.2.jar:/home/coach/.m2/repository/com/fasterxml/jackson/module/jackson-module-parameter-names/2.13.2/jackson-module-parameter-names-2.13.2.jar:/home/coach/.m2/repository/org/springframework/spring-web/5.3.19/spring-web-5.3.19.jar:/home/coach/.m2/repository/org/springframework/spring-beans/5.3.19/spring-beans-5.3.19.jar:/home/coach/.m2/repository/org/springframework/spring-webmvc/5.3.19/spring-webmvc-5.3.19.jar:/home/coach/.m2/repository/org/springframework/spring-aop/5.3.19/spring-aop-5.3.19.jar:/home/coach/.m2/repository/org/springframework/spring-context/5.3.19/spring-context-5.3.19.jar:/home/coach/.m2/repository/org/springframework/spring-expression/5.3.19/spring-expression-5.3.19.jar:/home/coach/.m2/repository/org/springframework/boot/spring-boot-starter-jetty/2.6.7/spring-boot-starter-jetty-2.6.7.jar:/home/coach/.m2/repository/jakarta/servlet/jakarta.servlet-api/4.0.4/jakarta.servlet-api-4.0.4.jar:/home/coach/.m2/repository/jakarta/websocket/jakarta.websocket-api/1.1.2/jakarta.websocket-api-1.1.2.jar:/home/coach/.m2/repository/org/apache/tomcat/embed/tomcat-embed-el/9.0.62/tomcat-embed-el-9.0.62.jar:/home/coach/.m2/repository/org/eclipse/jetty/jetty-servlets/9.4.46.v20220331/jetty-servlets-9.4.46.v20220331.jar:/home/coach/.m2/repository/org/eclipse/jetty/jetty-continuation/9.4.46.v20220331/jetty-continuation-9.4.46.v20220331.jar:/home/coach/.m2/repository/org/eclipse/jetty/jetty-http/9.4.46.v20220331/jetty-http-9.4.46.v20220331.jar:/home/coach/.m2/repository/org/eclipse/jetty/jetty-util/9.4.46.v20220331/jetty-util-9.4.46.v20220331.jar:/home/coach/.m2/repository/org/eclipse/jetty/jetty-io/9.4.46.v20220331/jetty-io-9.4.46.v20220331.jar:/home/coach/.m2/repository/org/eclipse/jetty/jetty-webapp/9.4.46.v20220331/jetty-webapp-9.4.46.v20220331.jar:/home/coach/.m2/repository/org/eclipse/jetty/jetty-xml/9.4.46.v20220331/jetty-xml-9.4.46.v20220331.jar:/home/coach/.m2/repository/org/eclipse/jetty/jetty-servlet/9.4.46.v20220331/jetty-servlet-9.4.46.v20220331.jar:/home/coach/.m2/repository/org/eclipse/jetty/jetty-security/9.4.46.v20220331/jetty-security-9.4.46.v20220331.jar:/home/coach/.m2/repository/org/eclipse/jetty/jetty-server/9.4.46.v20220331/jetty-server-9.4.46.v20220331.jar:/home/coach/.m2/repository/org/eclipse/jetty/jetty-util-ajax/9.4.46.v20220331/jetty-util-ajax-9.4.46.v20220331.jar:/home/coach/.m2/repository/org/eclipse/jetty/websocket/websocket-server/9.4.46.v20220331/websocket-server-9.4.46.v20220331.jar:/home/coach/.m2/repository/org/eclipse/jetty/websocket/websocket-common/9.4.46.v20220331/websocket-common-9.4.46.v20220331.jar:/home/coach/.m2/repository/org/eclipse/jetty/websocket/websocket-api/9.4.46.v20220331/websocket-api-9.4.46.v20220331.jar:/home/coach/.m2/repository/org/eclipse/jetty/websocket/websocket-client/9.4.46.v20220331/websocket-client-9.4.46.v20220331.jar:/home/coach/.m2/repository/org/eclipse/jetty/jetty-client/9.4.46.v20220331/jetty-client-9.4.46.v20220331.jar:/home/coach/.m2/repository/org/eclipse/jetty/websocket/websocket-servlet/9.4.46.v20220331/websocket-servlet-9.4.46.v20220331.jar:/home/coach/.m2/repository/org/eclipse/jetty/websocket/javax-websocket-server-impl/9.4.46.v20220331/javax-websocket-server-impl-9.4.46.v20220331.jar:/home/coach/.m2/repository/org/eclipse/jetty/jetty-annotations/9.4.46.v20220331/jetty-annotations-9.4.46.v20220331.jar:/home/coach/.m2/repository/org/eclipse/jetty/jetty-plus/9.4.46.v20220331/jetty-plus-9.4.46.v20220331.jar:/home/coach/.m2/repository/org/ow2/asm/asm/9.2/asm-9.2.jar:/home/coach/.m2/repository/org/ow2/asm/asm-commons/9.2/asm-commons-9.2.jar:/home/coach/.m2/repository/org/ow2/asm/asm-tree/9.2/asm-tree-9.2.jar:/home/coach/.m2/repository/org/ow2/asm/asm-analysis/9.2/asm-analysis-9.2.jar:/home/coach/.m2/repository/org/eclipse/jetty/websocket/javax-websocket-client-impl/9.4.46.v20220331/javax-websocket-client-impl-9.4.46.v20220331.jar:/home/coach/.m2/repository/org/springframework/boot/spring-boot-starter-actuator/2.6.7/spring-boot-starter-actuator-2.6.7.jar:/home/coach/.m2/repository/org/springframework/boot/spring-boot-actuator-autoconfigure/2.6.7/spring-boot-actuator-autoconfigure-2.6.7.jar:/home/coach/.m2/repository/org/springframework/boot/spring-boot-actuator/2.6.7/spring-boot-actuator-2.6.7.jar:/home/coach/.m2/repository/io/micrometer/micrometer-core/1.8.5/micrometer-core-1.8.5.jar:/home/coach/.m2/repository/org/hdrhistogram/HdrHistogram/2.1.12/HdrHistogram-2.1.12.jar:/home/coach/.m2/repository/org/latencyutils/LatencyUtils/2.0.3/LatencyUtils-2.0.3.jar:/home/coach/.m2/repository/org/springframework/boot/spring-boot-starter-websocket/2.6.7/spring-boot-starter-websocket-2.6.7.jar:/home/coach/.m2/repository/org/springframework/spring-messaging/5.3.19/spring-messaging-5.3.19.jar:/home/coach/.m2/repository/org/springframework/spring-websocket/5.3.19/spring-websocket-5.3.19.jar:/home/coach/.m2/repository/com/fasterxml/jackson/core/jackson-databind/2.13.2.2/jackson-databind-2.13.2.2.jar:/home/coach/.m2/repository/com/fasterxml/jackson/core/jackson-core/2.13.2/jackson-core-2.13.2.jar:/home/coach/.m2/repository/com/fasterxml/jackson/core/jackson-annotations/2.13.2/jackson-annotations-2.13.2.jar:/home/coach/.m2/repository/com/fasterxml/jackson/module/jackson-module-scala_2.13/2.13.2/jackson-module-scala_2.13-2.13.2.jar:/home/coach/.m2/repository/com/thoughtworks/paranamer/paranamer/2.8/paranamer-2.8.jar:/home/coach/.m2/repository/org/webjars/webjars-locator-core/0.48/webjars-locator-core-0.48.jar:/home/coach/.m2/repository/org/slf4j/slf4j-api/1.7.36/slf4j-api-1.7.36.jar:/home/coach/.m2/repository/io/github/classgraph/classgraph/4.8.115/classgraph-4.8.115.jar:/home/coach/.m2/repository/org/webjars/sockjs-client/1.0.2/sockjs-client-1.0.2.jar:/home/coach/.m2/repository/org/webjars/stomp-websocket/2.3.3/stomp-websocket-2.3.3.jar:/home/coach/.m2/repository/org/webjars/bootstrap/3.3.7/bootstrap-3.3.7.jar:/home/coach/.m2/repository/org/webjars/jquery/3.1.1-1/jquery-3.1.1-1.jar:/home/coach/.m2/repository/org/springframework/boot/spring-boot-starter-test/2.6.7/spring-boot-starter-test-2.6.7.jar:/home/coach/.m2/repository/org/springframework/boot/spring-boot-test/2.6.7/spring-boot-test-2.6.7.jar:/home/coach/.m2/repository/org/springframework/boot/spring-boot-test-autoconfigure/2.6.7/spring-boot-test-autoconfigure-2.6.7.jar:/home/coach/.m2/repository/com/jayway/jsonpath/json-path/2.6.0/json-path-2.6.0.jar:/home/coach/.m2/repository/net/minidev/json-smart/2.4.8/json-smart-2.4.8.jar:/home/coach/.m2/repository/net/minidev/accessors-smart/2.4.8/accessors-smart-2.4.8.jar:/home/coach/.m2/repository/jakarta/xml/bind/jakarta.xml.bind-api/2.3.3/jakarta.xml.bind-api-2.3.3.jar:/home/coach/.m2/repository/jakarta/activation/jakarta.activation-api/1.2.2/jakarta.activation-api-1.2.2.jar:/home/coach/.m2/repository/org/assertj/assertj-core/3.21.0/assertj-core-3.21.0.jar:/home/coach/.m2/repository/org/hamcrest/hamcrest/2.2/hamcrest-2.2.jar:/home/coach/.m2/repository/org/junit/jupiter/junit-jupiter/5.8.2/junit-jupiter-5.8.2.jar:/home/coach/.m2/repository/org/junit/jupiter/junit-jupiter-api/5.8.2/junit-jupiter-api-5.8.2.jar:/home/coach/.m2/repository/org/opentest4j/opentest4j/1.2.0/opentest4j-1.2.0.jar:/home/coach/.m2/repository/org/junit/platform/junit-platform-commons/1.8.2/junit-platform-commons-1.8.2.jar:/home/coach/.m2/repository/org/apiguardian/apiguardian-api/1.1.2/apiguardian-api-1.1.2.jar:/home/coach/.m2/repository/org/junit/jupiter/junit-jupiter-params/5.8.2/junit-jupiter-params-5.8.2.jar:/home/coach/.m2/repository/org/junit/jupiter/junit-jupiter-engine/5.8.2/junit-jupiter-engine-5.8.2.jar:/home/coach/.m2/repository/org/junit/platform/junit-platform-engine/1.8.2/junit-platform-engine-1.8.2.jar:/home/coach/.m2/repository/org/mockito/mockito-core/4.0.0/mockito-core-4.0.0.jar:/home/coach/.m2/repository/net/bytebuddy/byte-buddy/1.11.22/byte-buddy-1.11.22.jar:/home/coach/.m2/repository/net/bytebuddy/byte-buddy-agent/1.11.22/byte-buddy-agent-1.11.22.jar:/home/coach/.m2/repository/org/objenesis/objenesis/3.2/objenesis-3.2.jar:/home/coach/.m2/repository/org/mockito/mockito-junit-jupiter/4.0.0/mockito-junit-jupiter-4.0.0.jar:/home/coach/.m2/repository/org/skyscreamer/jsonassert/1.5.0/jsonassert-1.5.0.jar:/home/coach/.m2/repository/com/vaadin/external/google/android-json/0.0.20131108.vaadin1/android-json-0.0.20131108.vaadin1.jar:/home/coach/.m2/repository/org/springframework/spring-core/5.3.19/spring-core-5.3.19.jar:/home/coach/.m2/repository/org/springframework/spring-jcl/5.3.19/spring-jcl-5.3.19.jar:/home/coach/.m2/repository/org/springframework/spring-test/5.3.19/spring-test-5.3.19.jar:/home/coach/.m2/repository/org/xmlunit/xmlunit-core/2.8.4/xmlunit-core-2.8.4.jar:"/>
    <property name="java.vm.vendor" value="Ubuntu"/>
    <property name="sun.arch.data.model" value="64"/>
    <property name="java.vendor.url" value="https://ubuntu.com/"/>
    <property name="user.timezone" value=""/>
    <property name="java.vm.specification.version" value="11"/>
    <property name="os.name" value="Linux"/>
    <property name="sun.java.launcher" value="SUN_STANDARD"/>
    <property name="user.country" value="US"/>
    <property name="sun.boot.library.path" value="/usr/lib/jvm/java-11-openjdk-amd64/lib"/>
    <property name="sun.java.command" value="/home/coach/hobby/scala/tchutchu/target/surefire/surefirebooter8128676896212147335.jar /home/coach/hobby/scala/tchutchu/target/surefire 2022-11-12T11-01-29_001-jvmRun1 surefire12073786769485566163tmp surefire_016326971720323273571tmp"/>
    <property name="maven.artifact.threads" value="8"/>
    <property name="jdk.debug" value="release"/>
    <property name="surefire.test.class.path" value="/home/coach/hobby/scala/tchutchu/target/test-classes:/home/coach/hobby/scala/tchutchu/target/classes:/home/coach/.m2/repository/org/scala-lang/scala3-library_3/3.1.2/scala3-library_3-3.1.2.jar:/home/coach/.m2/repository/org/scala-lang/scala-library/2.13.8/scala-library-2.13.8.jar:/home/coach/.m2/repository/org/springframework/boot/spring-boot-starter-web/2.6.7/spring-boot-starter-web-2.6.7.jar:/home/coach/.m2/repository/org/springframework/boot/spring-boot-starter/2.6.7/spring-boot-starter-2.6.7.jar:/home/coach/.m2/repository/org/springframework/boot/spring-boot/2.6.7/spring-boot-2.6.7.jar:/home/coach/.m2/repository/org/springframework/boot/spring-boot-autoconfigure/2.6.7/spring-boot-autoconfigure-2.6.7.jar:/home/coach/.m2/repository/org/springframework/boot/spring-boot-starter-logging/2.6.7/spring-boot-starter-logging-2.6.7.jar:/home/coach/.m2/repository/ch/qos/logback/logback-classic/1.2.11/logback-classic-1.2.11.jar:/home/coach/.m2/repository/ch/qos/logback/logback-core/1.2.11/logback-core-1.2.11.jar:/home/coach/.m2/repository/org/apache/logging/log4j/log4j-to-slf4j/2.17.2/log4j-to-slf4j-2.17.2.jar:/home/coach/.m2/repository/org/apache/logging/log4j/log4j-api/2.17.2/log4j-api-2.17.2.jar:/home/coach/.m2/repository/org/slf4j/jul-to-slf4j/1.7.36/jul-to-slf4j-1.7.36.jar:/home/coach/.m2/repository/jakarta/annotation/jakarta.annotation-api/1.3.5/jakarta.annotation-api-1.3.5.jar:/home/coach/.m2/repository/org/yaml/snakeyaml/1.29/snakeyaml-1.29.jar:/home/coach/.m2/repository/org/springframework/boot/spring-boot-starter-json/2.6.7/spring-boot-starter-json-2.6.7.jar:/home/coach/.m2/repository/com/fasterxml/jackson/datatype/jackson-datatype-jdk8/2.13.2/jackson-datatype-jdk8-2.13.2.jar:/home/coach/.m2/repository/com/fasterxml/jackson/datatype/jackson-datatype-jsr310/2.13.2/jackson-datatype-jsr310-2.13.2.jar:/home/coach/.m2/repository/com/fasterxml/jackson/module/jackson-module-parameter-names/2.13.2/jackson-module-parameter-names-2.13.2.jar:/home/coach/.m2/repository/org/springframework/spring-web/5.3.19/spring-web-5.3.19.jar:/home/coach/.m2/repository/org/springframework/spring-beans/5.3.19/spring-beans-5.3.19.jar:/home/coach/.m2/repository/org/springframework/spring-webmvc/5.3.19/spring-webmvc-5.3.19.jar:/home/coach/.m2/repository/org/springframework/spring-aop/5.3.19/spring-aop-5.3.19.jar:/home/coach/.m2/repository/org/springframework/spring-context/5.3.19/spring-context-5.3.19.jar:/home/coach/.m2/repository/org/springframework/spring-expression/5.3.19/spring-expression-5.3.19.jar:/home/coach/.m2/repository/org/springframework/boot/spring-boot-starter-jetty/2.6.7/spring-boot-starter-jetty-2.6.7.jar:/home/coach/.m2/repository/jakarta/servlet/jakarta.servlet-api/4.0.4/jakarta.servlet-api-4.0.4.jar:/home/coach/.m2/repository/jakarta/websocket/jakarta.websocket-api/1.1.2/jakarta.websocket-api-1.1.2.jar:/home/coach/.m2/repository/org/apache/tomcat/embed/tomcat-embed-el/9.0.62/tomcat-embed-el-9.0.62.jar:/home/coach/.m2/repository/org/eclipse/jetty/jetty-servlets/9.4.46.v20220331/jetty-servlets-9.4.46.v20220331.jar:/home/coach/.m2/repository/org/eclipse/jetty/jetty-continuation/9.4.46.v20220331/jetty-continuation-9.4.46.v20220331.jar:/home/coach/.m2/repository/org/eclipse/jetty/jetty-http/9.4.46.v20220331/jetty-http-9.4.46.v20220331.jar:/home/coach/.m2/repository/org/eclipse/jetty/jetty-util/9.4.46.v20220331/jetty-util-9.4.46.v20220331.jar:/home/coach/.m2/repository/org/eclipse/jetty/jetty-io/9.4.46.v20220331/jetty-io-9.4.46.v20220331.jar:/home/coach/.m2/repository/org/eclipse/jetty/jetty-webapp/9.4.46.v20220331/jetty-webapp-9.4.46.v20220331.jar:/home/coach/.m2/repository/org/eclipse/jetty/jetty-xml/9.4.46.v20220331/jetty-xml-9.4.46.v20220331.jar:/home/coach/.m2/repository/org/eclipse/jetty/jetty-servlet/9.4.46.v20220331/jetty-servlet-9.4.46.v20220331.jar:/home/coach/.m2/repository/org/eclipse/jetty/jetty-security/9.4.46.v20220331/jetty-security-9.4.46.v20220331.jar:/home/coach/.m2/repository/org/eclipse/jetty/jetty-server/9.4.46.v20220331/jetty-server-9.4.46.v20220331.jar:/home/coach/.m2/repository/org/eclipse/jetty/jetty-util-ajax/9.4.46.v20220331/jetty-util-ajax-9.4.46.v20220331.jar:/home/coach/.m2/repository/org/eclipse/jetty/websocket/websocket-server/9.4.46.v20220331/websocket-server-9.4.46.v20220331.jar:/home/coach/.m2/repository/org/eclipse/jetty/websocket/websocket-common/9.4.46.v20220331/websocket-common-9.4.46.v20220331.jar:/home/coach/.m2/repository/org/eclipse/jetty/websocket/websocket-api/9.4.46.v20220331/websocket-api-9.4.46.v20220331.jar:/home/coach/.m2/repository/org/eclipse/jetty/websocket/websocket-client/9.4.46.v20220331/websocket-client-9.4.46.v20220331.jar:/home/coach/.m2/repository/org/eclipse/jetty/jetty-client/9.4.46.v20220331/jetty-client-9.4.46.v20220331.jar:/home/coach/.m2/repository/org/eclipse/jetty/websocket/websocket-servlet/9.4.46.v20220331/websocket-servlet-9.4.46.v20220331.jar:/home/coach/.m2/repository/org/eclipse/jetty/websocket/javax-websocket-server-impl/9.4.46.v20220331/javax-websocket-server-impl-9.4.46.v20220331.jar:/home/coach/.m2/repository/org/eclipse/jetty/jetty-annotations/9.4.46.v20220331/jetty-annotations-9.4.46.v20220331.jar:/home/coach/.m2/repository/org/eclipse/jetty/jetty-plus/9.4.46.v20220331/jetty-plus-9.4.46.v20220331.jar:/home/coach/.m2/repository/org/ow2/asm/asm/9.2/asm-9.2.jar:/home/coach/.m2/repository/org/ow2/asm/asm-commons/9.2/asm-commons-9.2.jar:/home/coach/.m2/repository/org/ow2/asm/asm-tree/9.2/asm-tree-9.2.jar:/home/coach/.m2/repository/org/ow2/asm/asm-analysis/9.2/asm-analysis-9.2.jar:/home/coach/.m2/repository/org/eclipse/jetty/websocket/javax-websocket-client-impl/9.4.46.v20220331/javax-websocket-client-impl-9.4.46.v20220331.jar:/home/coach/.m2/repository/org/springframework/boot/spring-boot-starter-actuator/2.6.7/spring-boot-starter-actuator-2.6.7.jar:/home/coach/.m2/repository/org/springframework/boot/spring-boot-actuator-autoconfigure/2.6.7/spring-boot-actuator-autoconfigure-2.6.7.jar:/home/coach/.m2/repository/org/springframework/boot/spring-boot-actuator/2.6.7/spring-boot-actuator-2.6.7.jar:/home/coach/.m2/repository/io/micrometer/micrometer-core/1.8.5/micrometer-core-1.8.5.jar:/home/coach/.m2/repository/org/hdrhistogram/HdrHistogram/2.1.12/HdrHistogram-2.1.12.jar:/home/coach/.m2/repository/org/latencyutils/LatencyUtils/2.0.3/LatencyUtils-2.0.3.jar:/home/coach/.m2/repository/org/springframework/boot/spring-boot-starter-websocket/2.6.7/spring-boot-starter-websocket-2.6.7.jar:/home/coach/.m2/repository/org/springframework/spring-messaging/5.3.19/spring-messaging-5.3.19.jar:/home/coach/.m2/repository/org/springframework/spring-websocket/5.3.19/spring-websocket-5.3.19.jar:/home/coach/.m2/repository/com/fasterxml/jackson/core/jackson-databind/2.13.2.2/jackson-databind-2.13.2.2.jar:/home/coach/.m2/repository/com/fasterxml/jackson/core/jackson-core/2.13.2/jackson-core-2.13.2.jar:/home/coach/.m2/repository/com/fasterxml/jackson/core/jackson-annotations/2.13.2/jackson-annotations-2.13.2.jar:/home/coach/.m2/repository/com/fasterxml/jackson/module/jackson-module-scala_2.13/2.13.2/jackson-module-scala_2.13-2.13.2.jar:/home/coach/.m2/repository/com/thoughtworks/paranamer/paranamer/2.8/paranamer-2.8.jar:/home/coach/.m2/repository/org/webjars/webjars-locator-core/0.48/webjars-locator-core-0.48.jar:/home/coach/.m2/repository/org/slf4j/slf4j-api/1.7.36/slf4j-api-1.7.36.jar:/home/coach/.m2/repository/io/github/classgraph/classgraph/4.8.115/classgraph-4.8.115.jar:/home/coach/.m2/repository/org/webjars/sockjs-client/1.0.2/sockjs-client-1.0.2.jar:/home/coach/.m2/repository/org/webjars/stomp-websocket/2.3.3/stomp-websocket-2.3.3.jar:/home/coach/.m2/repository/org/webjars/bootstrap/3.3.7/bootstrap-3.3.7.jar:/home/coach/.m2/repository/org/webjars/jquery/3.1.1-1/jquery-3.1.1-1.jar:/home/coach/.m2/repository/org/springframework/boot/spring-boot-starter-test/2.6.7/spring-boot-starter-test-2.6.7.jar:/home/coach/.m2/repository/org/springframework/boot/spring-boot-test/2.6.7/spring-boot-test-2.6.7.jar:/home/coach/.m2/repository/org/springframework/boot/spring-boot-test-autoconfigure/2.6.7/spring-boot-test-autoconfigure-2.6.7.jar:/home/coach/.m2/repository/com/jayway/jsonpath/json-path/2.6.0/json-path-2.6.0.jar:/home/coach/.m2/repository/net/minidev/json-smart/2.4.8/json-smart-2.4.8.jar:/home/coach/.m2/repository/net/minidev/accessors-smart/2.4.8/accessors-smart-2.4.8.jar:/home/coach/.m2/repository/jakarta/xml/bind/jakarta.xml.bind-api/2.3.3/jakarta.xml.bind-api-2.3.3.jar:/home/coach/.m2/repository/jakarta/activation/jakarta.activation-api/1.2.2/jakarta.activation-api-1.2.2.jar:/home/coach/.m2/repository/org/assertj/assertj-core/3.21.0/assertj-core-3.21.0.jar:/home/coach/.m2/repository/org/hamcrest/hamcrest/2.2/hamcrest-2.2.jar:/home/coach/.m2/repository/org/junit/jupiter/junit-jupiter/5.8.2/junit-jupiter-5.8.2.jar:/home/coach/.m2/repository/org/junit/jupiter/junit-jupiter-api/5.8.2/junit-jupiter-api-5.8.2.jar:/home/coach/.m2/repository/org/opentest4j/opentest4j/1.2.0/opentest4j-1.2.0.jar:/home/coach/.m2/repository/org/junit/platform/junit-platform-commons/1.8.2/junit-platform-commons-1.8.2.jar:/home/coach/.m2/repository/org/apiguardian/apiguardian-api/1.1.2/apiguardian-api-1.1.2.jar:/home/coach/.m2/repository/org/junit/jupiter/junit-jupiter-params/5.8.2/junit-jupiter-params-5.8.2.jar:/home/coach/.m2/repository/org/junit/jupiter/junit-jupiter-engine/5.8.2/junit-jupiter-engine-5.8.2.jar:/home/coach/.m2/repository/org/junit/platform/junit-platform-engine/1.8.2/junit-platform-engine-1.8.2.jar:/home/coach/.m2/repository/org/mockito/mockito-core/4.0.0/mockito-core-4.0.0.jar:/home/coach/.m2/repository/net/bytebuddy/byte-buddy/1.11.22/byte-buddy-1.11.22.jar:/home/coach/.m2/repository/net/bytebuddy/byte-buddy-agent/1.11.22/byte-buddy-agent-1.11.22.jar:/home/coach/.m2/repository/org/objenesis/objenesis/3.2/objenesis-3.2.jar:/home/coach/.m2/repository/org/mockito/mockito-junit-jupiter/4.0.0/mockito-junit-jupiter-4.0.0.jar:/home/coach/.m2/repository/org/skyscreamer/jsonassert/1.5.0/jsonassert-1.5.0.jar:/home/coach/.m2/repository/com/vaadin/external/google/android-json/0.0.20131108.vaadin1/android-json-0.0.20131108.vaadin1.jar:/home/coach/.m2/repository/org/springframework/spring-core/5.3.19/spring-core-5.3.19.jar:/home/coach/.m2/repository/org/springframework/spring-jcl/5.3.19/spring-jcl-5.3.19.jar:/home/coach/.m2/repository/org/springframework/spring-test/5.3.19/spring-test-5.3.19.jar:/home/coach/.m2/repository/org/xmlunit/xmlunit-core/2.8.4/xmlunit-core-2.8.4.jar:"/>
    <property name="sun.cpu.endian" value="little"/>
    <property name="user.home" value="/home/coach"/>
    <property name="user.language" value="en"/>
    <property name="java.specification.vendor" value="Oracle Corporation"/>
    <property name="java.version.date" value="2022-07-19"/>
    <property name="java.home" value="/usr/lib/jvm/java-11-openjdk-amd64"/>
    <property name="file.separator" value="/"/>
    <property name="basedir" value="/home/coach/hobby/scala/tchutchu"/>
    <property name="java.vm.compressedOopsMode" value="Zero based"/>
    <property name="line.separator" value="&#10;"/>
    <property name="java.specification.name" value="Java Platform API Specification"/>
    <property name="java.vm.specification.vendor" value="Oracle Corporation"/>
    <property name="java.awt.graphicsenv" value="sun.awt.X11GraphicsEnvironment"/>
    <property name="surefire.real.class.path" value="/home/coach/hobby/scala/tchutchu/target/surefire/surefirebooter8128676896212147335.jar"/>
    <property name="sun.management.compiler" value="HotSpot 64-Bit Tiered Compilers"/>
    <property name="java.runtime.version" value="11.0.16+8-post-Ubuntu-0ubuntu120.04"/>
    <property name="user.name" value="coach"/>
    <property name="path.separator" value=":"/>
    <property name="os.version" value="5.8.0-34-generic"/>
    <property name="java.runtime.name" value="OpenJDK Runtime Environment"/>
    <property name="file.encoding" value="UTF-8"/>
    <property name="java.vm.name" value="OpenJDK 64-Bit Server VM"/>
    <property name="localRepository" value="/home/coach/.m2/repository"/>
    <property name="java.vendor.url.bug" value="https://bugs.launchpad.net/ubuntu/+source/openjdk-lts"/>
    <property name="java.io.tmpdir" value="/tmp"/>
    <property name="java.version" value="11.0.16"/>
    <property name="user.dir" value="/home/coach/hobby/scala/tchutchu"/>
    <property name="os.arch" value="amd64"/>
    <property name="java.vm.specification.name" value="Java Virtual Machine Specification"/>
    <property name="java.awt.printerjob" value="sun.print.PSPrinterJob"/>
    <property name="sun.os.patch.level" value="unknown"/>
    <property name="java.library.path" value="/usr/java/packages/lib:/usr/lib/x86_64-linux-gnu/jni:/lib/x86_64-linux-gnu:/usr/lib/x86_64-linux-gnu:/usr/lib/jni:/lib:/usr/lib"/>
    <property name="java.vm.info" value="mixed mode, sharing"/>
    <property name="java.vendor" value="Ubuntu"/>
    <property name="java.vm.version" value="11.0.16+8-post-Ubuntu-0ubuntu120.04"/>
    <property name="sun.io.unicode.encoding" value="UnicodeLittle"/>
    <property name="java.class.version" value="55.0"/>
  </properties>
  <testcase name="testReadinessProbe" classname="ch.coachdave.tchutchu.controller.ProbeControllerTest" time="0"/>
  <testcase name="testLivenessProbe" classname="ch.coachdave.tchutchu.controller.ProbeControllerTest" time="0.006"/>
</testsuite>